<?xml version="1.0" encoding="UTF-8"?>
<coverage generated="1741998734345" clover="3.2.0">
  <project timestamp="1741998734345" name="All files">
    <metrics statements="7" coveredstatements="7" conditionals="0" coveredconditionals="0" methods="2" coveredmethods="1" elements="9" coveredelements="8" complexity="0" loc="7" ncloc="7" packages="1" files="1" classes="1"/>
    <file name="userService.js" path="C:\Users\juanl\OneDrive - Tecnologico de Antioquia Institucion Universitaria\TdeA\Semestre 5\Pruebas de software\EjemploNodeGsActions\src\userService.js">
      <metrics statements="7" coveredstatements="7" conditionals="0" coveredconditionals="0" methods="2" coveredmethods="1"/>
      <line num="1" count="1" type="stmt"/>
      <line num="3" count="1" type="stmt"/>
      <line num="4" count="1" type="stmt"/>
      <line num="5" count="1" type="stmt"/>
      <line num="6" count="1" type="stmt"/>
      <line num="9" count="1" type="stmt"/>
      <line num="11" count="1" type="stmt"/>
    </file>
  </project>
</coverage>
