{"C:\\Users\\juanl\\OneDrive - Tecnologico de Antioquia Institucion Universitaria\\TdeA\\Semestre 5\\Pruebas de software\\EjemploNodeGsActions\\src\\userService.js": {"path":"C:\\Users\\juanl\\OneDrive - Tecnologico de Antioquia Institucion Universitaria\\TdeA\\Semestre 5\\Pruebas de software\\EjemploNodeGsActions\\src\\userService.js","statementMap":{"0":{"start":{"line":1,"column":14},"end":{"line":1,"column":16}},"1":{"start":{"line":3,"column":16},"end":{"line":7,"column":1}},"2":{"start":{"line":4,"column":17},"end":{"line":4,"column":44}},"3":{"start":{"line":5,"column":4},"end":{"line":5,"column":20}},"4":{"start":{"line":6,"column":4},"end":{"line":6,"column":15}},"5":{"start":{"line":9,"column":17},"end":{"line":9,"column":28}},"6":{"start":{"line":9,"column":23},"end":{"line":9,"column":28}},"7":{"start":{"line":11,"column":0},"end":{"line":11,"column":36}}},"fnMap":{"0":{"name":"(anonymous_0)","decl":{"start":{"line":3,"column":16},"end":{"line":3,"column":17}},"loc":{"start":{"line":3,"column":25},"end":{"line":7,"column":1}},"line":3},"1":{"name":"(anonymous_1)","decl":{"start":{"line":9,"column":17},"end":{"line":9,"column":18}},"loc":{"start":{"line":9,"column":23},"end":{"line":9,"column":28}},"line":9}},"branchMap":{},"s":{"0":1,"1":1,"2":1,"3":1,"4":1,"5":1,"6":0,"7":1},"f":{"0":1,"1":0},"b":{},"_coverageSchema":"1a1c01bbd47fc00a2c39e90264f33305004495a9","hash":"b199e9769575053fcbeb59ab78b9eafe6e263c36"}
}
